2022-03-21 15:11:56,521- SearchKabuKa - 14 - root - INFO - start kabusearch
2022-03-21 15:11:57,395- perform_request - 336 - elastic_transport.transport - INFO - PUT https://localhost:9200/dailykabu/_doc/1 [status:201 duration:0.618s]
2022-03-21 15:11:57,395- SearchKabuKa - 57 - root - INFO - end work
2022-03-24 10:37:54,836- _log - 225 - werkzeug - INFO -  * Restarting with stat
2022-03-24 10:37:56,917- _log - 225 - werkzeug - WARNING -  * Debugger is active!
2022-03-24 10:37:56,930- _log - 225 - werkzeug - INFO -  * Debugger PIN: 115-113-292
2022-03-24 10:37:57,027- _log - 225 - werkzeug - INFO -  * Running on http://127.0.0.1:5000/ (Press CTRL+C to quit)
2022-03-24 10:40:40,986- _log - 225 - werkzeug - INFO -  * Running on http://localhost:2500/ (Press CTRL+C to quit)
2022-03-24 10:40:52,214- _log - 225 - werkzeug - INFO - 127.0.0.1 - - [24/Mar/2022 10:40:52] "GET / HTTP/1.1" 200 -
2022-03-24 10:40:52,312- _log - 225 - werkzeug - INFO - 127.0.0.1 - - [24/Mar/2022 10:40:52] "[33mGET /favicon.ico HTTP/1.1[0m" 404 -
2022-03-24 10:41:12,661- _log - 225 - werkzeug - INFO - 127.0.0.1 - - [24/Mar/2022 10:41:12] "POST /search HTTP/1.1" 200 -
2022-03-24 17:41:22,063- _log - 225 - werkzeug - INFO -  * Running on http://localhost:2500/ (Press CTRL+C to quit)
2022-03-24 17:41:34,629- _log - 225 - werkzeug - INFO - 127.0.0.1 - - [24/Mar/2022 17:41:34] "GET / HTTP/1.1" 200 -
2022-03-24 17:41:34,714- _log - 225 - werkzeug - INFO - 127.0.0.1 - - [24/Mar/2022 17:41:34] "[33mGET /favicon.ico HTTP/1.1[0m" 404 -
2022-03-25 09:41:52,831- _log - 225 - werkzeug - INFO -  * Running on http://localhost:2500/ (Press CTRL+C to quit)
2022-03-25 09:41:54,449- _log - 225 - werkzeug - INFO - 127.0.0.1 - - [25/Mar/2022 09:41:54] "GET / HTTP/1.1" 200 -
2022-03-25 09:41:54,634- _log - 225 - werkzeug - INFO - 127.0.0.1 - - [25/Mar/2022 09:41:54] "[33mGET /favicon.ico HTTP/1.1[0m" 404 -
2022-03-25 09:42:12,872- _log - 225 - werkzeug - INFO - 127.0.0.1 - - [25/Mar/2022 09:42:12] "GET / HTTP/1.1" 200 -
2022-03-25 09:42:13,655- _log - 225 - werkzeug - INFO - 127.0.0.1 - - [25/Mar/2022 09:42:13] "GET / HTTP/1.1" 200 -
2022-03-25 09:42:13,951- _log - 225 - werkzeug - INFO - 127.0.0.1 - - [25/Mar/2022 09:42:13] "GET / HTTP/1.1" 200 -
2022-03-25 09:42:14,183- _log - 225 - werkzeug - INFO - 127.0.0.1 - - [25/Mar/2022 09:42:14] "GET / HTTP/1.1" 200 -
2022-03-25 09:43:35,309- _log - 225 - werkzeug - INFO -  * Running on http://localhost:2500/ (Press CTRL+C to quit)
2022-03-25 09:43:38,251- _log - 225 - werkzeug - INFO - 127.0.0.1 - - [25/Mar/2022 09:43:38] "GET / HTTP/1.1" 200 -
2022-03-25 09:43:39,460- _log - 225 - werkzeug - INFO - 127.0.0.1 - - [25/Mar/2022 09:43:39] "GET / HTTP/1.1" 200 -
2022-03-25 09:43:39,748- _log - 225 - werkzeug - INFO - 127.0.0.1 - - [25/Mar/2022 09:43:39] "GET / HTTP/1.1" 200 -
2022-03-25 09:44:39,593- _log - 225 - werkzeug - INFO -  * Running on http://localhost:2500/ (Press CTRL+C to quit)
2022-03-25 09:44:45,286- _log - 225 - werkzeug - INFO - 127.0.0.1 - - [25/Mar/2022 09:44:45] "GET / HTTP/1.1" 200 -
2022-03-25 09:45:56,774- _log - 225 - werkzeug - INFO -  * Running on http://localhost:2500/ (Press CTRL+C to quit)
2022-03-25 09:46:03,700- log_exception - 1457 - run - ERROR - Exception on /search [POST]
Traceback (most recent call last):
  File "C:\Users\cjstk\AppData\Local\Programs\Python\Python310\lib\site-packages\flask\app.py", line 2073, in wsgi_app
    response = self.full_dispatch_request()
  File "C:\Users\cjstk\AppData\Local\Programs\Python\Python310\lib\site-packages\flask\app.py", line 1518, in full_dispatch_request
    rv = self.handle_user_exception(e)
  File "C:\Users\cjstk\AppData\Local\Programs\Python\Python310\lib\site-packages\flask\app.py", line 1516, in full_dispatch_request
    rv = self.dispatch_request()
  File "C:\Users\cjstk\AppData\Local\Programs\Python\Python310\lib\site-packages\flask\app.py", line 1502, in dispatch_request
    return self.ensure_sync(self.view_functions[rule.endpoint])(**req.view_args)
  File "c:\Users\cjstk\Desktop\mirineglobal\run.py", line 14, in searchkabuweb
    result = searchkabu.searchkabu(kabuname) #pythonfile í´ë”ì˜ searchkabu.pyë¥¼ importí•˜ì—¬ íŒŒì¼ ë‚´ë¶€ì˜ searchkabuë¼ëŠ” í•¨ìˆ˜ì— kabunameì„ ë„£ì–´ ê²°ê³¼ë¥¼ resultì— ì €ì¥
  File "c:\Users\cjstk\Desktop\mirineglobal\pythonfile\searchkabu.py", line 26, in searchkabu
    url = "https://finance.naver.com/item/sise.naver?code="+code # ì£¼ì‹ì˜ ê°€ê²©ì„ í™•ì¸í•˜ê¸° ìœ„í•´ ì‚¬ì´íŠ¸ì— ì ‘ì†, ì ‘ì† ì‹œ íšŒì‚¬ì½”ë“œë¥¼ í™œìš©í•˜ì—¬ íŠ¹ì •íšŒì‚¬ë¥¼ ê²€ìƒ‰
TypeError: can only concatenate str (not "int") to str
2022-03-25 09:46:03,702- _log - 225 - werkzeug - INFO - 127.0.0.1 - - [25/Mar/2022 09:46:03] "[35m[1mPOST /search HTTP/1.1[0m" 500 -
2022-03-25 09:46:34,740- _log - 225 - werkzeug - INFO -  * Running on http://localhost:2500/ (Press CTRL+C to quit)
2022-03-25 09:46:38,889- log_exception - 1457 - run - ERROR - Exception on /search [POST]
Traceback (most recent call last):
  File "C:\Users\cjstk\AppData\Local\Programs\Python\Python310\lib\site-packages\flask\app.py", line 2073, in wsgi_app
    response = self.full_dispatch_request()
  File "C:\Users\cjstk\AppData\Local\Programs\Python\Python310\lib\site-packages\flask\app.py", line 1518, in full_dispatch_request
    rv = self.handle_user_exception(e)
  File "C:\Users\cjstk\AppData\Local\Programs\Python\Python310\lib\site-packages\flask\app.py", line 1516, in full_dispatch_request
    rv = self.dispatch_request()
  File "C:\Users\cjstk\AppData\Local\Programs\Python\Python310\lib\site-packages\flask\app.py", line 1502, in dispatch_request
    return self.ensure_sync(self.view_functions[rule.endpoint])(**req.view_args)
  File "c:\Users\cjstk\Desktop\mirineglobal\run.py", line 14, in searchkabuweb
    result = searchkabu.searchkabu(kabuname) #pythonfile í´ë”ì˜ searchkabu.pyë¥¼ importí•˜ì—¬ íŒŒì¼ ë‚´ë¶€ì˜ searchkabuë¼ëŠ” í•¨ìˆ˜ì— kabunameì„ ë„£ì–´ ê²°ê³¼ë¥¼ resultì— ì €ì¥
  File "c:\Users\cjstk\Desktop\mirineglobal\pythonfile\searchkabu.py", line 26, in searchkabu
    url = "https://finance.naver.com/item/sise.naver?code="+code # ì£¼ì‹ì˜ ê°€ê²©ì„ í™•ì¸í•˜ê¸° ìœ„í•´ ì‚¬ì´íŠ¸ì— ì ‘ì†, ì ‘ì† ì‹œ íšŒì‚¬ì½”ë“œë¥¼ í™œìš©í•˜ì—¬ íŠ¹ì •íšŒì‚¬ë¥¼ ê²€ìƒ‰
TypeError: can only concatenate str (not "int") to str
2022-03-25 09:46:38,892- _log - 225 - werkzeug - INFO - 127.0.0.1 - - [25/Mar/2022 09:46:38] "[35m[1mPOST /search HTTP/1.1[0m" 500 -
2022-03-25 09:48:28,632- _log - 225 - werkzeug - INFO -  * Running on http://localhost:2500/ (Press CTRL+C to quit)
2022-03-25 09:48:39,223- _log - 225 - werkzeug - INFO -  * Running on http://localhost:2500/ (Press CTRL+C to quit)
2022-03-25 09:48:40,915- log_exception - 1457 - run - ERROR - Exception on /search [POST]
Traceback (most recent call last):
  File "C:\Users\cjstk\AppData\Local\Programs\Python\Python310\lib\site-packages\flask\app.py", line 2073, in wsgi_app
    response = self.full_dispatch_request()
  File "C:\Users\cjstk\AppData\Local\Programs\Python\Python310\lib\site-packages\flask\app.py", line 1518, in full_dispatch_request
    rv = self.handle_user_exception(e)
  File "C:\Users\cjstk\AppData\Local\Programs\Python\Python310\lib\site-packages\flask\app.py", line 1516, in full_dispatch_request
    rv = self.dispatch_request()
  File "C:\Users\cjstk\AppData\Local\Programs\Python\Python310\lib\site-packages\flask\app.py", line 1502, in dispatch_request
    return self.ensure_sync(self.view_functions[rule.endpoint])(**req.view_args)
  File "c:\Users\cjstk\Desktop\mirineglobal\run.py", line 14, in searchkabuweb
    date = replace("-",".")
TypeError: replace() takes 1 positional argument but 2 were given
2022-03-25 09:48:40,917- _log - 225 - werkzeug - INFO - 127.0.0.1 - - [25/Mar/2022 09:48:40] "[35m[1mPOST /search HTTP/1.1[0m" 500 -
2022-03-25 09:48:44,586- _log - 225 - werkzeug - INFO - 127.0.0.1 - - [25/Mar/2022 09:48:44] "GET / HTTP/1.1" 200 -
2022-03-25 09:48:45,422- _log - 225 - werkzeug - INFO - 127.0.0.1 - - [25/Mar/2022 09:48:45] "GET / HTTP/1.1" 200 -
2022-03-25 09:48:46,149- log_exception - 1457 - run - ERROR - Exception on /search [POST]
Traceback (most recent call last):
  File "C:\Users\cjstk\AppData\Local\Programs\Python\Python310\lib\site-packages\flask\app.py", line 2073, in wsgi_app
    response = self.full_dispatch_request()
  File "C:\Users\cjstk\AppData\Local\Programs\Python\Python310\lib\site-packages\flask\app.py", line 1518, in full_dispatch_request
    rv = self.handle_user_exception(e)
  File "C:\Users\cjstk\AppData\Local\Programs\Python\Python310\lib\site-packages\flask\app.py", line 1516, in full_dispatch_request
    rv = self.dispatch_request()
  File "C:\Users\cjstk\AppData\Local\Programs\Python\Python310\lib\site-packages\flask\app.py", line 1502, in dispatch_request
    return self.ensure_sync(self.view_functions[rule.endpoint])(**req.view_args)
  File "c:\Users\cjstk\Desktop\mirineglobal\run.py", line 14, in searchkabuweb
    date = replace("-",".")
TypeError: replace() takes 1 positional argument but 2 were given
2022-03-25 09:48:46,150- _log - 225 - werkzeug - INFO - 127.0.0.1 - - [25/Mar/2022 09:48:46] "[35m[1mPOST /search HTTP/1.1[0m" 500 -
2022-03-25 09:49:00,925- _log - 225 - werkzeug - INFO -  * Running on http://localhost:2500/ (Press CTRL+C to quit)
2022-03-25 09:49:01,134- _log - 225 - werkzeug - INFO - 127.0.0.1 - - [25/Mar/2022 09:49:01] "GET / HTTP/1.1" 200 -
2022-03-25 09:49:02,695- _log - 225 - werkzeug - INFO - 127.0.0.1 - - [25/Mar/2022 09:49:02] "GET / HTTP/1.1" 200 -
2022-03-25 09:49:03,804- log_exception - 1457 - run - ERROR - Exception on /search [POST]
Traceback (most recent call last):
  File "C:\Users\cjstk\AppData\Local\Programs\Python\Python310\lib\site-packages\flask\app.py", line 2073, in wsgi_app
    response = self.full_dispatch_request()
  File "C:\Users\cjstk\AppData\Local\Programs\Python\Python310\lib\site-packages\flask\app.py", line 1518, in full_dispatch_request
    rv = self.handle_user_exception(e)
  File "C:\Users\cjstk\AppData\Local\Programs\Python\Python310\lib\site-packages\flask\app.py", line 1516, in full_dispatch_request
    rv = self.dispatch_request()
  File "C:\Users\cjstk\AppData\Local\Programs\Python\Python310\lib\site-packages\flask\app.py", line 1502, in dispatch_request
    return self.ensure_sync(self.view_functions[rule.endpoint])(**req.view_args)
  File "c:\Users\cjstk\Desktop\mirineglobal\run.py", line 14, in searchkabuweb
    date = replace("-",".")
TypeError: replace() takes 1 positional argument but 2 were given
2022-03-25 09:49:03,806- _log - 225 - werkzeug - INFO - 127.0.0.1 - - [25/Mar/2022 09:49:03] "[35m[1mPOST /search HTTP/1.1[0m" 500 -
2022-03-25 09:49:39,744- _log - 225 - werkzeug - INFO -  * Running on http://localhost:2500/ (Press CTRL+C to quit)
2022-03-25 09:49:41,753- _log - 225 - werkzeug - INFO - 127.0.0.1 - - [25/Mar/2022 09:49:41] "GET / HTTP/1.1" 200 -
2022-03-25 09:49:42,842- log_exception - 1457 - run - ERROR - Exception on /search [POST]
Traceback (most recent call last):
  File "C:\Users\cjstk\AppData\Local\Programs\Python\Python310\lib\site-packages\flask\app.py", line 2073, in wsgi_app
    response = self.full_dispatch_request()
  File "C:\Users\cjstk\AppData\Local\Programs\Python\Python310\lib\site-packages\flask\app.py", line 1518, in full_dispatch_request
    rv = self.handle_user_exception(e)
  File "C:\Users\cjstk\AppData\Local\Programs\Python\Python310\lib\site-packages\flask\app.py", line 1516, in full_dispatch_request
    rv = self.dispatch_request()
  File "C:\Users\cjstk\AppData\Local\Programs\Python\Python310\lib\site-packages\flask\app.py", line 1502, in dispatch_request
    return self.ensure_sync(self.view_functions[rule.endpoint])(**req.view_args)
  File "c:\Users\cjstk\Desktop\mirineglobal\run.py", line 16, in searchkabuweb
    result = searchkabu.searchkabu(kabuname) #pythonfile í´ë”ì˜ searchkabu.pyë¥¼ importí•˜ì—¬ íŒŒì¼ ë‚´ë¶€ì˜ searchkabuë¼ëŠ” í•¨ìˆ˜ì— kabunameì„ ë„£ì–´ ê²°ê³¼ë¥¼ resultì— ì €ì¥
  File "c:\Users\cjstk\Desktop\mirineglobal\pythonfile\searchkabu.py", line 26, in searchkabu
    url = "https://finance.naver.com/item/sise.naver?code="+code # ì£¼ì‹ì˜ ê°€ê²©ì„ í™•ì¸í•˜ê¸° ìœ„í•´ ì‚¬ì´íŠ¸ì— ì ‘ì†, ì ‘ì† ì‹œ íšŒì‚¬ì½”ë“œë¥¼ í™œìš©í•˜ì—¬ íŠ¹ì •íšŒì‚¬ë¥¼ ê²€ìƒ‰
TypeError: can only concatenate str (not "int") to str
2022-03-25 09:49:42,844- _log - 225 - werkzeug - INFO - 127.0.0.1 - - [25/Mar/2022 09:49:42] "[35m[1mPOST /search HTTP/1.1[0m" 500 -
2022-03-25 10:20:29,088- _log - 225 - werkzeug - INFO -  * Running on http://localhost:2500/ (Press CTRL+C to quit)
2022-03-25 10:20:32,874- _log - 225 - werkzeug - INFO - 127.0.0.1 - - [25/Mar/2022 10:20:32] "GET / HTTP/1.1" 200 -
2022-03-25 10:20:36,170- _log - 225 - werkzeug - INFO - 127.0.0.1 - - [25/Mar/2022 10:20:36] "POST /search HTTP/1.1" 200 -
2022-05-06 09:43:39,993- <module> - 176 - root - INFO - program start
2022-05-11 15:56:21,449- _log - 224 - werkzeug - INFO -  * Running on http://localhost:2500 (Press CTRL+C to quit)
2022-05-11 15:56:40,442- _log - 224 - werkzeug - INFO - 127.0.0.1 - - [11/May/2022 15:56:40] "GET / HTTP/1.1" 200 -
2022-05-11 15:56:40,540- _log - 224 - werkzeug - INFO - 127.0.0.1 - - [11/May/2022 15:56:40] "[33mGET /favicon.ico HTTP/1.1[0m" 404 -
